0 info it worked if it ends with ok
1 verbose cli [ '/usr/bin/node', '/usr/bin/npm', 'run', 'android' ]
2 info using npm@3.5.2
3 info using node@v8.10.0
4 verbose run-script [ 'preandroid', 'android', 'postandroid' ]
5 info lifecycle se.dbwebb.lager@1.0.0~preandroid: se.dbwebb.lager@1.0.0
6 silly lifecycle se.dbwebb.lager@1.0.0~preandroid: no script for preandroid, continuing
7 info lifecycle se.dbwebb.lager@1.0.0~android: se.dbwebb.lager@1.0.0
8 verbose lifecycle se.dbwebb.lager@1.0.0~android: unsafe-perm in lifecycle true
9 verbose lifecycle se.dbwebb.lager@1.0.0~android: PATH: /usr/share/npm/bin/node-gyp-bin:/home/fredrik/Documents/Högskolor/2018_2019/Blekinge tekniska högskola/dbwebb-kurser/webapp/me/kmom05/lager5/node_modules/.bin:/home/fredrik/.local/bin:/home/fredrik/bin:/usr/local/sbin:/usr/local/bin:/usr/sbin:/usr/bin:/sbin:/bin:/usr/games:/usr/local/games:/snap/bin:/opt/gradle/gradle-4.6/bin:/home/fredrik/Android/Sdk/tools:/home/fredrik/Android/Sdk/platform-tools:/usr/lib/jvm/java-1.11.0-openjdk-amd64
10 verbose lifecycle se.dbwebb.lager@1.0.0~android: CWD: /home/fredrik/Documents/Högskolor/2018_2019/Blekinge tekniska högskola/dbwebb-kurser/webapp/me/kmom05/lager5
11 silly lifecycle se.dbwebb.lager@1.0.0~android: Args: [ '-c', 'npm run build-js && cordova emulate android' ]
12 silly lifecycle se.dbwebb.lager@1.0.0~android: Returned: code: 1  signal: null
13 info lifecycle se.dbwebb.lager@1.0.0~android: Failed to exec android script
14 verbose stack Error: se.dbwebb.lager@1.0.0 android: `npm run build-js && cordova emulate android`
14 verbose stack Exit status 1
14 verbose stack     at EventEmitter.<anonymous> (/usr/share/npm/lib/utils/lifecycle.js:232:16)
14 verbose stack     at emitTwo (events.js:126:13)
14 verbose stack     at EventEmitter.emit (events.js:214:7)
14 verbose stack     at ChildProcess.<anonymous> (/usr/share/npm/lib/utils/spawn.js:24:14)
14 verbose stack     at emitTwo (events.js:126:13)
14 verbose stack     at ChildProcess.emit (events.js:214:7)
14 verbose stack     at maybeClose (internal/child_process.js:925:16)
14 verbose stack     at Process.ChildProcess._handle.onexit (internal/child_process.js:209:5)
15 verbose pkgid se.dbwebb.lager@1.0.0
16 verbose cwd /home/fredrik/Documents/Högskolor/2018_2019/Blekinge tekniska högskola/dbwebb-kurser/webapp/me/kmom05/lager5
17 error Linux 4.15.0-48-generic
18 error argv "/usr/bin/node" "/usr/bin/npm" "run" "android"
19 error node v8.10.0
20 error npm  v3.5.2
21 error code ELIFECYCLE
22 error se.dbwebb.lager@1.0.0 android: `npm run build-js && cordova emulate android`
22 error Exit status 1
23 error Failed at the se.dbwebb.lager@1.0.0 android script 'npm run build-js && cordova emulate android'.
23 error Make sure you have the latest version of node.js and npm installed.
23 error If you do, this is most likely a problem with the se.dbwebb.lager package,
23 error not with npm itself.
23 error Tell the author that this fails on your system:
23 error     npm run build-js && cordova emulate android
23 error You can get information on how to open an issue for this project with:
23 error     npm bugs se.dbwebb.lager
23 error Or if that isn't available, you can get their info via:
23 error     npm owner ls se.dbwebb.lager
23 error There is likely additional logging output above.
24 verbose exit [ 1, true ]
